<?xml version="1.0" encoding="UTF-8"?>
<!-- Generated by org.testng.reporters.JUnitReportReporter -->
<testsuite hostname="ip-192-168-2-48.ec2.internal" name="com.springboot.controller.HomeControllerTest" tests="1" failures="0" timestamp="15 Jan 2019 20:43:56 GMT" time="0.045" errors="0">
  <testcase name="testHome" time="0.045" classname="com.springboot.controller.HomeControllerTest"/>
</testsuite> <!-- com.springboot.controller.HomeControllerTest -->
